<?xml version="1.0" encoding="UTF-8" standalone="no"?>
<testsuite errors="0" failures="1" name="io.cucumber.core.plugin.JUnitFormatter" skipped="0" tests="1" time="50.157">
    <testcase classname="F09_04_MORTGAGE_ACCOUNT | users could add new transactions for MORTGAGE_ACCOUNT" name="user could add new transactions for MORTGAGE_ACCOUNT" time="49.772">
        <failure message="no such element: Unable to locate element: {&quot;method&quot;:&quot;css selector&quot;,&quot;selector&quot;:&quot;#cboxClose&quot;}&#10;  (Session info: chrome=109.0.5414.168)&#10;For documentation on this error, please visit: https://selenium.dev/exceptions/#no_such_element&#10;Build info: version: '4.9.0', revision: 'd7057100a6'&#10;System info: os.name: 'Windows Server 2012 R2', os.arch: 'amd64', os.version: '6.3', java.version: '18.0.2'&#10;Driver info: org.openqa.selenium.chrome.ChromeDriver&#10;Command: [516b23cb64dbcaabd90f1fad8a7b9ff1, findElement {using=id, value=cboxClose}]&#10;Capabilities {acceptInsecureCerts: false, browserName: chrome, browserVersion: 109.0.5414.168, chrome: {chromedriverVersion: 109.0.5414.74 (e7c5703604da..., userDataDir: C:\Users\QC-3\AppData\Local...}, goog:chromeOptions: {debuggerAddress: localhost:64339}, networkConnectionEnabled: false, pageLoadStrategy: normal, platformName: WINDOWS, proxy: Proxy(), se:cdp: ws://localhost:64339/devtoo..., se:cdpVersion: 109.0.5414.168, setWindowRect: true, strictFileInteractability: false, timeouts: {implicit: 0, pageLoad: 300000, script: 30000}, unhandledPromptBehavior: dismiss and notify, webauthn:extension:credBlob: true, webauthn:extension:largeBlob: true, webauthn:virtualAuthenticators: true}&#10;Session ID: 516b23cb64dbcaabd90f1fad8a7b9ff1" type="org.openqa.selenium.NoSuchElementException"><![CDATA[When user login with email "tester7" and password "P@ssw0rd"................passed
And user press on login button..............................................passed
And user login to the system successfully by user "tester7".................passed
And user click on Documentation.............................................passed
Then user clicked on Documentation successfully.............................passed
When user click on MORTGAGE.................................................passed
Then user clicked on MORTGAGE successfully..................................passed
When user click on MORTGAGE_ACCOUNT.........................................passed
Then user clicked on MORTGAGE_ACCOUNT successfully..........................passed
When user add the first Party with obj of index "22" and id of index "1" id equal "00000000200" and click on chkDepositFirstParty.passed
And user click on add button and add new first Party successfully...........passed
And user close first Party and open the second Party by xpath...............passed
When user add the second Party with obj of index "23" and id of index "2" id equal "00000000085".passed
And user click on add button and add new second Party with id "00000000085" successfully.passed
And user close second Party and open samples Nav for xpath..................passed
Then Account Number is "2122" Name Of Bank is "1"...........................passed
When select MORTGAGE_PERIOD_FROM Y "2023" M "Jul" D "15" MORTGAGE_PERIOD_TO Y "2025" M "Jul" D "16" for Account.passed
Then Mortgage value is "120" and Approval letter number is "120" for Account.passed
And Add Debaga To Table And Add Debaga Request..............................passed
And user click on btnViewTransaction........................................passed
And user close the the samples Nav and open the fees Nav by xpath...........passed
When user click on noFees checkbox and select ExcemptedReasons "جهة حكومية".passed
Then user click on btnSubmitTransaction.....................................failed

StackTrace:
org.openqa.selenium.NoSuchElementException: no such element: Unable to locate element: {"method":"css selector","selector":"#cboxClose"}
  (Session info: chrome=109.0.5414.168)
For documentation on this error, please visit: https://selenium.dev/exceptions/#no_such_element
Build info: version: '4.9.0', revision: 'd7057100a6'
System info: os.name: 'Windows Server 2012 R2', os.arch: 'amd64', os.version: '6.3', java.version: '18.0.2'
Driver info: org.openqa.selenium.chrome.ChromeDriver
Command: [516b23cb64dbcaabd90f1fad8a7b9ff1, findElement {using=id, value=cboxClose}]
Capabilities {acceptInsecureCerts: false, browserName: chrome, browserVersion: 109.0.5414.168, chrome: {chromedriverVersion: 109.0.5414.74 (e7c5703604da..., userDataDir: C:\Users\QC-3\AppData\Local...}, goog:chromeOptions: {debuggerAddress: localhost:64339}, networkConnectionEnabled: false, pageLoadStrategy: normal, platformName: WINDOWS, proxy: Proxy(), se:cdp: ws://localhost:64339/devtoo..., se:cdpVersion: 109.0.5414.168, setWindowRect: true, strictFileInteractability: false, timeouts: {implicit: 0, pageLoad: 300000, script: 30000}, unhandledPromptBehavior: dismiss and notify, webauthn:extension:credBlob: true, webauthn:extension:largeBlob: true, webauthn:virtualAuthenticators: true}
Session ID: 516b23cb64dbcaabd90f1fad8a7b9ff1
	at java.base/jdk.internal.reflect.DirectConstructorHandleAccessor.newInstance(DirectConstructorHandleAccessor.java:67)
	at java.base/java.lang.reflect.Constructor.newInstanceWithCaller(Constructor.java:499)
	at java.base/java.lang.reflect.Constructor.newInstance(Constructor.java:483)
	at org.openqa.selenium.remote.codec.w3c.W3CHttpResponseCodec.createException(W3CHttpResponseCodec.java:200)
	at org.openqa.selenium.remote.codec.w3c.W3CHttpResponseCodec.decode(W3CHttpResponseCodec.java:133)
	at org.openqa.selenium.remote.codec.w3c.W3CHttpResponseCodec.decode(W3CHttpResponseCodec.java:53)
	at org.openqa.selenium.remote.HttpCommandExecutor.execute(HttpCommandExecutor.java:193)
	at org.openqa.selenium.remote.service.DriverCommandExecutor.invokeExecute(DriverCommandExecutor.java:183)
	at org.openqa.selenium.remote.service.DriverCommandExecutor.execute(DriverCommandExecutor.java:158)
	at org.openqa.selenium.remote.RemoteWebDriver.execute(RemoteWebDriver.java:543)
	at org.openqa.selenium.remote.ElementLocation$ElementFinder$2.findElement(ElementLocation.java:162)
	at org.openqa.selenium.remote.ElementLocation.findElement(ElementLocation.java:60)
	at org.openqa.selenium.remote.RemoteWebDriver.findElement(RemoteWebDriver.java:352)
	at org.openqa.selenium.remote.RemoteWebDriver.findElement(RemoteWebDriver.java:344)
	at org.example.pages.POA.P05_01_POA_SPECIAL.cboxClose(P05_01_POA_SPECIAL.java:126)
	at org.example.stepDefs.POA.D05_01_POA_SPECIALStepDef.userClickOnBtnSubmitTransactionAndTransactionAddedSuccessfully(D05_01_POA_SPECIALStepDef.java:220)
	at ✽.user click on btnSubmitTransaction(file:///C:/Users/QC-3/Downloads/New%20folder/SAK/src/main/resources/features/Mortgage/F09_04_MORTGAGE_ACCOUNT.feature:41)
]]></failure>
    </testcase>
</testsuite>
